Analysis & Synthesis report for i281
Mon Feb 15 20:17:57 2021
Quartus Prime Version 20.1.0 Build 711 06/05/2020 SJ Lite Edition


---------------------
; Table of Contents ;
---------------------
  1. Legal Notice
  2. Analysis & Synthesis Summary
  3. Analysis & Synthesis Settings
  4. Parallel Compilation
  5. Analysis & Synthesis Source Files Read
  6. Analysis & Synthesis Resource Usage Summary
  7. Analysis & Synthesis Resource Utilization by Entity
  8. General Register Statistics
  9. Parameter Settings for User Entity Instance: _4WideBusMux:BusMux0
 10. Parameter Settings for User Entity Instance: _7WideBusMux:SevenWideBus0
 11. Parameter Settings for User Entity Instance: _4WideBusMux:BusMux1
 12. Parameter Settings for User Entity Instance: _7WideBusMux:SevenWideBus1
 13. Parameter Settings for User Entity Instance: _4WideBusMux:BusMux2
 14. Parameter Settings for User Entity Instance: _7WideBusMux:SevenWideBus2
 15. Parameter Settings for User Entity Instance: _4WideBusMux:BusMux3
 16. Parameter Settings for User Entity Instance: _7WideBusMux:SevenWideBus3
 17. Parameter Settings for User Entity Instance: _7WideBusMux:SevenWideBus4
 18. Parameter Settings for User Entity Instance: _7WideBusMux:SevenWideBus5
 19. Parameter Settings for User Entity Instance: _7WideBusMux:SevenWideBus6
 20. Parameter Settings for User Entity Instance: _7WideBusMux:SevenWideBus7
 21. Post-Synthesis Netlist Statistics for Top Partition
 22. Elapsed Time Per Partition
 23. Analysis & Synthesis Messages



----------------
; Legal Notice ;
----------------
Copyright (C) 2020  Intel Corporation. All rights reserved.
Your use of Intel Corporation's design tools, logic functions 
and other software and tools, and any partner logic 
functions, and any output files from any of the foregoing 
(including device programming or simulation files), and any 
associated documentation or information are expressly subject 
to the terms and conditions of the Intel Program License 
Subscription Agreement, the Intel Quartus Prime License Agreement,
the Intel FPGA IP License Agreement, or other applicable license
agreement, including, without limitation, that your use is for
the sole purpose of programming logic devices manufactured by
Intel and sold by Intel or its authorized distributors.  Please
refer to the applicable agreement for further details, at
https://fpgasoftware.intel.com/eula.



+----------------------------------------------------------------------------------+
; Analysis & Synthesis Summary                                                     ;
+------------------------------------+---------------------------------------------+
; Analysis & Synthesis Status        ; Successful - Mon Feb 15 20:17:57 2021       ;
; Quartus Prime Version              ; 20.1.0 Build 711 06/05/2020 SJ Lite Edition ;
; Revision Name                      ; i281                                        ;
; Top-level Entity Name              ; _Video_Card                                 ;
; Family                             ; Cyclone IV E                                ;
; Total logic elements               ; 128                                         ;
;     Total combinational functions  ; 128                                         ;
;     Dedicated logic registers      ; 0                                           ;
; Total registers                    ; 0                                           ;
; Total pins                         ; 154                                         ;
; Total virtual pins                 ; 0                                           ;
; Total memory bits                  ; 0                                           ;
; Embedded Multiplier 9-bit elements ; 0                                           ;
; Total PLLs                         ; 0                                           ;
+------------------------------------+---------------------------------------------+


+------------------------------------------------------------------------------------------------------------+
; Analysis & Synthesis Settings                                                                              ;
+------------------------------------------------------------------+--------------------+--------------------+
; Option                                                           ; Setting            ; Default Value      ;
+------------------------------------------------------------------+--------------------+--------------------+
; Device                                                           ; EP4CE115F29C7      ;                    ;
; Top-level entity name                                            ; _Video_Card        ; i281               ;
; Family name                                                      ; Cyclone IV E       ; Cyclone V          ;
; Use smart compilation                                            ; Off                ; Off                ;
; Enable parallel Assembler and Timing Analyzer during compilation ; On                 ; On                 ;
; Enable compact report table                                      ; Off                ; Off                ;
; Restructure Multiplexers                                         ; Auto               ; Auto               ;
; Create Debugging Nodes for IP Cores                              ; Off                ; Off                ;
; Preserve fewer node names                                        ; On                 ; On                 ;
; Intel FPGA IP Evaluation Mode                                    ; Enable             ; Enable             ;
; Verilog Version                                                  ; Verilog_2001       ; Verilog_2001       ;
; VHDL Version                                                     ; VHDL_1993          ; VHDL_1993          ;
; State Machine Processing                                         ; Auto               ; Auto               ;
; Safe State Machine                                               ; Off                ; Off                ;
; Extract Verilog State Machines                                   ; On                 ; On                 ;
; Extract VHDL State Machines                                      ; On                 ; On                 ;
; Ignore Verilog initial constructs                                ; Off                ; Off                ;
; Iteration limit for constant Verilog loops                       ; 5000               ; 5000               ;
; Iteration limit for non-constant Verilog loops                   ; 250                ; 250                ;
; Add Pass-Through Logic to Inferred RAMs                          ; On                 ; On                 ;
; Infer RAMs from Raw Logic                                        ; On                 ; On                 ;
; Parallel Synthesis                                               ; On                 ; On                 ;
; DSP Block Balancing                                              ; Auto               ; Auto               ;
; NOT Gate Push-Back                                               ; On                 ; On                 ;
; Power-Up Don't Care                                              ; On                 ; On                 ;
; Remove Redundant Logic Cells                                     ; Off                ; Off                ;
; Remove Duplicate Registers                                       ; On                 ; On                 ;
; Ignore CARRY Buffers                                             ; Off                ; Off                ;
; Ignore CASCADE Buffers                                           ; Off                ; Off                ;
; Ignore GLOBAL Buffers                                            ; Off                ; Off                ;
; Ignore ROW GLOBAL Buffers                                        ; Off                ; Off                ;
; Ignore LCELL Buffers                                             ; Off                ; Off                ;
; Ignore SOFT Buffers                                              ; On                 ; On                 ;
; Limit AHDL Integers to 32 Bits                                   ; Off                ; Off                ;
; Optimization Technique                                           ; Balanced           ; Balanced           ;
; Carry Chain Length                                               ; 70                 ; 70                 ;
; Auto Carry Chains                                                ; On                 ; On                 ;
; Auto Open-Drain Pins                                             ; On                 ; On                 ;
; Perform WYSIWYG Primitive Resynthesis                            ; Off                ; Off                ;
; Auto ROM Replacement                                             ; On                 ; On                 ;
; Auto RAM Replacement                                             ; On                 ; On                 ;
; Auto DSP Block Replacement                                       ; On                 ; On                 ;
; Auto Shift Register Replacement                                  ; Auto               ; Auto               ;
; Allow Shift Register Merging across Hierarchies                  ; Auto               ; Auto               ;
; Auto Clock Enable Replacement                                    ; On                 ; On                 ;
; Strict RAM Replacement                                           ; Off                ; Off                ;
; Allow Synchronous Control Signals                                ; On                 ; On                 ;
; Force Use of Synchronous Clear Signals                           ; Off                ; Off                ;
; Auto RAM Block Balancing                                         ; On                 ; On                 ;
; Auto RAM to Logic Cell Conversion                                ; Off                ; Off                ;
; Auto Resource Sharing                                            ; Off                ; Off                ;
; Allow Any RAM Size For Recognition                               ; Off                ; Off                ;
; Allow Any ROM Size For Recognition                               ; Off                ; Off                ;
; Allow Any Shift Register Size For Recognition                    ; Off                ; Off                ;
; Use LogicLock Constraints during Resource Balancing              ; On                 ; On                 ;
; Ignore translate_off and synthesis_off directives                ; Off                ; Off                ;
; Timing-Driven Synthesis                                          ; On                 ; On                 ;
; Report Parameter Settings                                        ; On                 ; On                 ;
; Report Source Assignments                                        ; On                 ; On                 ;
; Report Connectivity Checks                                       ; On                 ; On                 ;
; Ignore Maximum Fan-Out Assignments                               ; Off                ; Off                ;
; Synchronization Register Chain Length                            ; 2                  ; 2                  ;
; Power Optimization During Synthesis                              ; Normal compilation ; Normal compilation ;
; HDL message level                                                ; Level2             ; Level2             ;
; Suppress Register Optimization Related Messages                  ; Off                ; Off                ;
; Number of Removed Registers Reported in Synthesis Report         ; 5000               ; 5000               ;
; Number of Swept Nodes Reported in Synthesis Report               ; 5000               ; 5000               ;
; Number of Inverted Registers Reported in Synthesis Report        ; 100                ; 100                ;
; Clock MUX Protection                                             ; On                 ; On                 ;
; Auto Gated Clock Conversion                                      ; Off                ; Off                ;
; Block Design Naming                                              ; Auto               ; Auto               ;
; SDC constraint protection                                        ; Off                ; Off                ;
; Synthesis Effort                                                 ; Auto               ; Auto               ;
; Shift Register Replacement - Allow Asynchronous Clear Signal     ; On                 ; On                 ;
; Pre-Mapping Resynthesis Optimization                             ; Off                ; Off                ;
; Analysis & Synthesis Message Level                               ; Medium             ; Medium             ;
; Disable Register Merging Across Hierarchies                      ; Auto               ; Auto               ;
; Resource Aware Inference For Block RAM                           ; On                 ; On                 ;
+------------------------------------------------------------------+--------------------+--------------------+


+------------------------------------------+
; Parallel Compilation                     ;
+----------------------------+-------------+
; Processors                 ; Number      ;
+----------------------------+-------------+
; Number detected on machine ; 24          ;
; Maximum allowed            ; 16          ;
;                            ;             ;
; Average used               ; 1.00        ;
; Maximum used               ; 1           ;
;                            ;             ;
; Usage by Processor         ; % Time Used ;
;     Processor 1            ; 100.0%      ;
+----------------------------+-------------+


+-----------------------------------------------------------------------------------------------------------------------------------------------------------------------------------+
; Analysis & Synthesis Source Files Read                                                                                                                                            ;
+----------------------------------+-----------------+------------------------------+-------------------------------------------------------------------------------------+---------+
; File Name with User-Entered Path ; Used in Netlist ; File Type                    ; File Name with Absolute Path                                                        ; Library ;
+----------------------------------+-----------------+------------------------------+-------------------------------------------------------------------------------------+---------+
; _2to1mux.v                       ; yes             ; User Verilog HDL File        ; D:/school_stuff/sdmay21-38/VerilogConversion/i281Verilog/_2to1mux.v                 ;         ;
; _7WideBusMux.v                   ; yes             ; User Verilog HDL File        ; D:/school_stuff/sdmay21-38/VerilogConversion/i281Verilog/_7WideBusMux.v             ;         ;
; _Video_Card.v                    ; yes             ; User Verilog HDL File        ; D:/school_stuff/sdmay21-38/VerilogConversion/i281Verilog/_Video_Card.v              ;         ;
; _4widebusmux.v                   ; yes             ; Auto-Found Verilog HDL File  ; D:/school_stuff/sdmay21-38/VerilogConversion/i281Verilog/_4widebusmux.v             ;         ;
; seven_seg_decoder_busout.v       ; yes             ; Auto-Found Verilog HDL File  ; D:/school_stuff/sdmay21-38/VerilogConversion/i281Verilog/seven_seg_decoder_busout.v ;         ;
+----------------------------------+-----------------+------------------------------+-------------------------------------------------------------------------------------+---------+


+----------------------------------------------------------------------+
; Analysis & Synthesis Resource Usage Summary                          ;
+---------------------------------------------+------------------------+
; Resource                                    ; Usage                  ;
+---------------------------------------------+------------------------+
; Estimated Total logic elements              ; 128                    ;
;                                             ;                        ;
; Total combinational functions               ; 128                    ;
; Logic element usage by number of LUT inputs ;                        ;
;     -- 4 input functions                    ; 56                     ;
;     -- 3 input functions                    ; 72                     ;
;     -- <=2 input functions                  ; 0                      ;
;                                             ;                        ;
; Logic elements by mode                      ;                        ;
;     -- normal mode                          ; 128                    ;
;     -- arithmetic mode                      ; 0                      ;
;                                             ;                        ;
; Total registers                             ; 0                      ;
;     -- Dedicated logic registers            ; 0                      ;
;     -- I/O registers                        ; 0                      ;
;                                             ;                        ;
; I/O pins                                    ; 154                    ;
;                                             ;                        ;
; Embedded Multiplier 9-bit elements          ; 0                      ;
;                                             ;                        ;
; Maximum fan-out node                        ; Direct_Video_Map~input ;
; Maximum fan-out                             ; 56                     ;
; Total fan-out                               ; 650                    ;
; Average fan-out                             ; 1.49                   ;
+---------------------------------------------+------------------------+


+-----------------------------------------------------------------------------------------------------------------------------------------------------------------------------------------------------------------------------------------------------------------------------------+
; Analysis & Synthesis Resource Utilization by Entity                                                                                                                                                                                                                               ;
+--------------------------------------------+---------------------+---------------------------+-------------+--------------+---------+-----------+------+--------------+-----------------------------------------------------------------+--------------------------+--------------+
; Compilation Hierarchy Node                 ; Combinational ALUTs ; Dedicated Logic Registers ; Memory Bits ; DSP Elements ; DSP 9x9 ; DSP 18x18 ; Pins ; Virtual Pins ; Full Hierarchy Name                                             ; Entity Name              ; Library Name ;
+--------------------------------------------+---------------------+---------------------------+-------------+--------------+---------+-----------+------+--------------+-----------------------------------------------------------------+--------------------------+--------------+
; |_Video_Card                               ; 128 (0)             ; 0 (0)                     ; 0           ; 0            ; 0       ; 0         ; 154  ; 0            ; |_Video_Card                                                    ; _Video_Card              ; work         ;
;    |_4WideBusMux:BusMux0|                  ; 4 (0)               ; 0 (0)                     ; 0           ; 0            ; 0       ; 0         ; 0    ; 0            ; |_Video_Card|_4WideBusMux:BusMux0                               ; _4WideBusMux             ; work         ;
;       |_2to1mux:mux[0].mux|                ; 1 (1)               ; 0 (0)                     ; 0           ; 0            ; 0       ; 0         ; 0    ; 0            ; |_Video_Card|_4WideBusMux:BusMux0|_2to1mux:mux[0].mux           ; _2to1mux                 ; work         ;
;       |_2to1mux:mux[1].mux|                ; 1 (1)               ; 0 (0)                     ; 0           ; 0            ; 0       ; 0         ; 0    ; 0            ; |_Video_Card|_4WideBusMux:BusMux0|_2to1mux:mux[1].mux           ; _2to1mux                 ; work         ;
;       |_2to1mux:mux[2].mux|                ; 1 (1)               ; 0 (0)                     ; 0           ; 0            ; 0       ; 0         ; 0    ; 0            ; |_Video_Card|_4WideBusMux:BusMux0|_2to1mux:mux[2].mux           ; _2to1mux                 ; work         ;
;       |_2to1mux:mux[3].mux|                ; 1 (1)               ; 0 (0)                     ; 0           ; 0            ; 0       ; 0         ; 0    ; 0            ; |_Video_Card|_4WideBusMux:BusMux0|_2to1mux:mux[3].mux           ; _2to1mux                 ; work         ;
;    |_4WideBusMux:BusMux1|                  ; 4 (0)               ; 0 (0)                     ; 0           ; 0            ; 0       ; 0         ; 0    ; 0            ; |_Video_Card|_4WideBusMux:BusMux1                               ; _4WideBusMux             ; work         ;
;       |_2to1mux:mux[0].mux|                ; 1 (1)               ; 0 (0)                     ; 0           ; 0            ; 0       ; 0         ; 0    ; 0            ; |_Video_Card|_4WideBusMux:BusMux1|_2to1mux:mux[0].mux           ; _2to1mux                 ; work         ;
;       |_2to1mux:mux[1].mux|                ; 1 (1)               ; 0 (0)                     ; 0           ; 0            ; 0       ; 0         ; 0    ; 0            ; |_Video_Card|_4WideBusMux:BusMux1|_2to1mux:mux[1].mux           ; _2to1mux                 ; work         ;
;       |_2to1mux:mux[2].mux|                ; 1 (1)               ; 0 (0)                     ; 0           ; 0            ; 0       ; 0         ; 0    ; 0            ; |_Video_Card|_4WideBusMux:BusMux1|_2to1mux:mux[2].mux           ; _2to1mux                 ; work         ;
;       |_2to1mux:mux[3].mux|                ; 1 (1)               ; 0 (0)                     ; 0           ; 0            ; 0       ; 0         ; 0    ; 0            ; |_Video_Card|_4WideBusMux:BusMux1|_2to1mux:mux[3].mux           ; _2to1mux                 ; work         ;
;    |_4WideBusMux:BusMux2|                  ; 4 (0)               ; 0 (0)                     ; 0           ; 0            ; 0       ; 0         ; 0    ; 0            ; |_Video_Card|_4WideBusMux:BusMux2                               ; _4WideBusMux             ; work         ;
;       |_2to1mux:mux[0].mux|                ; 1 (1)               ; 0 (0)                     ; 0           ; 0            ; 0       ; 0         ; 0    ; 0            ; |_Video_Card|_4WideBusMux:BusMux2|_2to1mux:mux[0].mux           ; _2to1mux                 ; work         ;
;       |_2to1mux:mux[1].mux|                ; 1 (1)               ; 0 (0)                     ; 0           ; 0            ; 0       ; 0         ; 0    ; 0            ; |_Video_Card|_4WideBusMux:BusMux2|_2to1mux:mux[1].mux           ; _2to1mux                 ; work         ;
;       |_2to1mux:mux[2].mux|                ; 1 (1)               ; 0 (0)                     ; 0           ; 0            ; 0       ; 0         ; 0    ; 0            ; |_Video_Card|_4WideBusMux:BusMux2|_2to1mux:mux[2].mux           ; _2to1mux                 ; work         ;
;       |_2to1mux:mux[3].mux|                ; 1 (1)               ; 0 (0)                     ; 0           ; 0            ; 0       ; 0         ; 0    ; 0            ; |_Video_Card|_4WideBusMux:BusMux2|_2to1mux:mux[3].mux           ; _2to1mux                 ; work         ;
;    |_4WideBusMux:BusMux3|                  ; 4 (0)               ; 0 (0)                     ; 0           ; 0            ; 0       ; 0         ; 0    ; 0            ; |_Video_Card|_4WideBusMux:BusMux3                               ; _4WideBusMux             ; work         ;
;       |_2to1mux:mux[0].mux|                ; 1 (1)               ; 0 (0)                     ; 0           ; 0            ; 0       ; 0         ; 0    ; 0            ; |_Video_Card|_4WideBusMux:BusMux3|_2to1mux:mux[0].mux           ; _2to1mux                 ; work         ;
;       |_2to1mux:mux[1].mux|                ; 1 (1)               ; 0 (0)                     ; 0           ; 0            ; 0       ; 0         ; 0    ; 0            ; |_Video_Card|_4WideBusMux:BusMux3|_2to1mux:mux[1].mux           ; _2to1mux                 ; work         ;
;       |_2to1mux:mux[2].mux|                ; 1 (1)               ; 0 (0)                     ; 0           ; 0            ; 0       ; 0         ; 0    ; 0            ; |_Video_Card|_4WideBusMux:BusMux3|_2to1mux:mux[2].mux           ; _2to1mux                 ; work         ;
;       |_2to1mux:mux[3].mux|                ; 1 (1)               ; 0 (0)                     ; 0           ; 0            ; 0       ; 0         ; 0    ; 0            ; |_Video_Card|_4WideBusMux:BusMux3|_2to1mux:mux[3].mux           ; _2to1mux                 ; work         ;
;    |_7WideBusMux:SevenWideBus0|            ; 7 (0)               ; 0 (0)                     ; 0           ; 0            ; 0       ; 0         ; 0    ; 0            ; |_Video_Card|_7WideBusMux:SevenWideBus0                         ; _7WideBusMux             ; work         ;
;       |_2to1mux:BusMux[0].mux1|            ; 1 (1)               ; 0 (0)                     ; 0           ; 0            ; 0       ; 0         ; 0    ; 0            ; |_Video_Card|_7WideBusMux:SevenWideBus0|_2to1mux:BusMux[0].mux1 ; _2to1mux                 ; work         ;
;       |_2to1mux:BusMux[1].mux1|            ; 1 (1)               ; 0 (0)                     ; 0           ; 0            ; 0       ; 0         ; 0    ; 0            ; |_Video_Card|_7WideBusMux:SevenWideBus0|_2to1mux:BusMux[1].mux1 ; _2to1mux                 ; work         ;
;       |_2to1mux:BusMux[2].mux1|            ; 1 (1)               ; 0 (0)                     ; 0           ; 0            ; 0       ; 0         ; 0    ; 0            ; |_Video_Card|_7WideBusMux:SevenWideBus0|_2to1mux:BusMux[2].mux1 ; _2to1mux                 ; work         ;
;       |_2to1mux:BusMux[3].mux1|            ; 1 (1)               ; 0 (0)                     ; 0           ; 0            ; 0       ; 0         ; 0    ; 0            ; |_Video_Card|_7WideBusMux:SevenWideBus0|_2to1mux:BusMux[3].mux1 ; _2to1mux                 ; work         ;
;       |_2to1mux:BusMux[4].mux1|            ; 1 (1)               ; 0 (0)                     ; 0           ; 0            ; 0       ; 0         ; 0    ; 0            ; |_Video_Card|_7WideBusMux:SevenWideBus0|_2to1mux:BusMux[4].mux1 ; _2to1mux                 ; work         ;
;       |_2to1mux:BusMux[5].mux1|            ; 1 (1)               ; 0 (0)                     ; 0           ; 0            ; 0       ; 0         ; 0    ; 0            ; |_Video_Card|_7WideBusMux:SevenWideBus0|_2to1mux:BusMux[5].mux1 ; _2to1mux                 ; work         ;
;       |_2to1mux:BusMux[6].mux1|            ; 1 (1)               ; 0 (0)                     ; 0           ; 0            ; 0       ; 0         ; 0    ; 0            ; |_Video_Card|_7WideBusMux:SevenWideBus0|_2to1mux:BusMux[6].mux1 ; _2to1mux                 ; work         ;
;    |_7WideBusMux:SevenWideBus1|            ; 7 (0)               ; 0 (0)                     ; 0           ; 0            ; 0       ; 0         ; 0    ; 0            ; |_Video_Card|_7WideBusMux:SevenWideBus1                         ; _7WideBusMux             ; work         ;
;       |_2to1mux:BusMux[0].mux1|            ; 1 (1)               ; 0 (0)                     ; 0           ; 0            ; 0       ; 0         ; 0    ; 0            ; |_Video_Card|_7WideBusMux:SevenWideBus1|_2to1mux:BusMux[0].mux1 ; _2to1mux                 ; work         ;
;       |_2to1mux:BusMux[1].mux1|            ; 1 (1)               ; 0 (0)                     ; 0           ; 0            ; 0       ; 0         ; 0    ; 0            ; |_Video_Card|_7WideBusMux:SevenWideBus1|_2to1mux:BusMux[1].mux1 ; _2to1mux                 ; work         ;
;       |_2to1mux:BusMux[2].mux1|            ; 1 (1)               ; 0 (0)                     ; 0           ; 0            ; 0       ; 0         ; 0    ; 0            ; |_Video_Card|_7WideBusMux:SevenWideBus1|_2to1mux:BusMux[2].mux1 ; _2to1mux                 ; work         ;
;       |_2to1mux:BusMux[3].mux1|            ; 1 (1)               ; 0 (0)                     ; 0           ; 0            ; 0       ; 0         ; 0    ; 0            ; |_Video_Card|_7WideBusMux:SevenWideBus1|_2to1mux:BusMux[3].mux1 ; _2to1mux                 ; work         ;
;       |_2to1mux:BusMux[4].mux1|            ; 1 (1)               ; 0 (0)                     ; 0           ; 0            ; 0       ; 0         ; 0    ; 0            ; |_Video_Card|_7WideBusMux:SevenWideBus1|_2to1mux:BusMux[4].mux1 ; _2to1mux                 ; work         ;
;       |_2to1mux:BusMux[5].mux1|            ; 1 (1)               ; 0 (0)                     ; 0           ; 0            ; 0       ; 0         ; 0    ; 0            ; |_Video_Card|_7WideBusMux:SevenWideBus1|_2to1mux:BusMux[5].mux1 ; _2to1mux                 ; work         ;
;       |_2to1mux:BusMux[6].mux1|            ; 1 (1)               ; 0 (0)                     ; 0           ; 0            ; 0       ; 0         ; 0    ; 0            ; |_Video_Card|_7WideBusMux:SevenWideBus1|_2to1mux:BusMux[6].mux1 ; _2to1mux                 ; work         ;
;    |_7WideBusMux:SevenWideBus2|            ; 7 (0)               ; 0 (0)                     ; 0           ; 0            ; 0       ; 0         ; 0    ; 0            ; |_Video_Card|_7WideBusMux:SevenWideBus2                         ; _7WideBusMux             ; work         ;
;       |_2to1mux:BusMux[0].mux1|            ; 1 (1)               ; 0 (0)                     ; 0           ; 0            ; 0       ; 0         ; 0    ; 0            ; |_Video_Card|_7WideBusMux:SevenWideBus2|_2to1mux:BusMux[0].mux1 ; _2to1mux                 ; work         ;
;       |_2to1mux:BusMux[1].mux1|            ; 1 (1)               ; 0 (0)                     ; 0           ; 0            ; 0       ; 0         ; 0    ; 0            ; |_Video_Card|_7WideBusMux:SevenWideBus2|_2to1mux:BusMux[1].mux1 ; _2to1mux                 ; work         ;
;       |_2to1mux:BusMux[2].mux1|            ; 1 (1)               ; 0 (0)                     ; 0           ; 0            ; 0       ; 0         ; 0    ; 0            ; |_Video_Card|_7WideBusMux:SevenWideBus2|_2to1mux:BusMux[2].mux1 ; _2to1mux                 ; work         ;
;       |_2to1mux:BusMux[3].mux1|            ; 1 (1)               ; 0 (0)                     ; 0           ; 0            ; 0       ; 0         ; 0    ; 0            ; |_Video_Card|_7WideBusMux:SevenWideBus2|_2to1mux:BusMux[3].mux1 ; _2to1mux                 ; work         ;
;       |_2to1mux:BusMux[4].mux1|            ; 1 (1)               ; 0 (0)                     ; 0           ; 0            ; 0       ; 0         ; 0    ; 0            ; |_Video_Card|_7WideBusMux:SevenWideBus2|_2to1mux:BusMux[4].mux1 ; _2to1mux                 ; work         ;
;       |_2to1mux:BusMux[5].mux1|            ; 1 (1)               ; 0 (0)                     ; 0           ; 0            ; 0       ; 0         ; 0    ; 0            ; |_Video_Card|_7WideBusMux:SevenWideBus2|_2to1mux:BusMux[5].mux1 ; _2to1mux                 ; work         ;
;       |_2to1mux:BusMux[6].mux1|            ; 1 (1)               ; 0 (0)                     ; 0           ; 0            ; 0       ; 0         ; 0    ; 0            ; |_Video_Card|_7WideBusMux:SevenWideBus2|_2to1mux:BusMux[6].mux1 ; _2to1mux                 ; work         ;
;    |_7WideBusMux:SevenWideBus3|            ; 7 (0)               ; 0 (0)                     ; 0           ; 0            ; 0       ; 0         ; 0    ; 0            ; |_Video_Card|_7WideBusMux:SevenWideBus3                         ; _7WideBusMux             ; work         ;
;       |_2to1mux:BusMux[0].mux1|            ; 1 (1)               ; 0 (0)                     ; 0           ; 0            ; 0       ; 0         ; 0    ; 0            ; |_Video_Card|_7WideBusMux:SevenWideBus3|_2to1mux:BusMux[0].mux1 ; _2to1mux                 ; work         ;
;       |_2to1mux:BusMux[1].mux1|            ; 1 (1)               ; 0 (0)                     ; 0           ; 0            ; 0       ; 0         ; 0    ; 0            ; |_Video_Card|_7WideBusMux:SevenWideBus3|_2to1mux:BusMux[1].mux1 ; _2to1mux                 ; work         ;
;       |_2to1mux:BusMux[2].mux1|            ; 1 (1)               ; 0 (0)                     ; 0           ; 0            ; 0       ; 0         ; 0    ; 0            ; |_Video_Card|_7WideBusMux:SevenWideBus3|_2to1mux:BusMux[2].mux1 ; _2to1mux                 ; work         ;
;       |_2to1mux:BusMux[3].mux1|            ; 1 (1)               ; 0 (0)                     ; 0           ; 0            ; 0       ; 0         ; 0    ; 0            ; |_Video_Card|_7WideBusMux:SevenWideBus3|_2to1mux:BusMux[3].mux1 ; _2to1mux                 ; work         ;
;       |_2to1mux:BusMux[4].mux1|            ; 1 (1)               ; 0 (0)                     ; 0           ; 0            ; 0       ; 0         ; 0    ; 0            ; |_Video_Card|_7WideBusMux:SevenWideBus3|_2to1mux:BusMux[4].mux1 ; _2to1mux                 ; work         ;
;       |_2to1mux:BusMux[5].mux1|            ; 1 (1)               ; 0 (0)                     ; 0           ; 0            ; 0       ; 0         ; 0    ; 0            ; |_Video_Card|_7WideBusMux:SevenWideBus3|_2to1mux:BusMux[5].mux1 ; _2to1mux                 ; work         ;
;       |_2to1mux:BusMux[6].mux1|            ; 1 (1)               ; 0 (0)                     ; 0           ; 0            ; 0       ; 0         ; 0    ; 0            ; |_Video_Card|_7WideBusMux:SevenWideBus3|_2to1mux:BusMux[6].mux1 ; _2to1mux                 ; work         ;
;    |_7WideBusMux:SevenWideBus4|            ; 7 (0)               ; 0 (0)                     ; 0           ; 0            ; 0       ; 0         ; 0    ; 0            ; |_Video_Card|_7WideBusMux:SevenWideBus4                         ; _7WideBusMux             ; work         ;
;       |_2to1mux:BusMux[0].mux1|            ; 1 (1)               ; 0 (0)                     ; 0           ; 0            ; 0       ; 0         ; 0    ; 0            ; |_Video_Card|_7WideBusMux:SevenWideBus4|_2to1mux:BusMux[0].mux1 ; _2to1mux                 ; work         ;
;       |_2to1mux:BusMux[1].mux1|            ; 1 (1)               ; 0 (0)                     ; 0           ; 0            ; 0       ; 0         ; 0    ; 0            ; |_Video_Card|_7WideBusMux:SevenWideBus4|_2to1mux:BusMux[1].mux1 ; _2to1mux                 ; work         ;
;       |_2to1mux:BusMux[2].mux1|            ; 1 (1)               ; 0 (0)                     ; 0           ; 0            ; 0       ; 0         ; 0    ; 0            ; |_Video_Card|_7WideBusMux:SevenWideBus4|_2to1mux:BusMux[2].mux1 ; _2to1mux                 ; work         ;
;       |_2to1mux:BusMux[3].mux1|            ; 1 (1)               ; 0 (0)                     ; 0           ; 0            ; 0       ; 0         ; 0    ; 0            ; |_Video_Card|_7WideBusMux:SevenWideBus4|_2to1mux:BusMux[3].mux1 ; _2to1mux                 ; work         ;
;       |_2to1mux:BusMux[4].mux1|            ; 1 (1)               ; 0 (0)                     ; 0           ; 0            ; 0       ; 0         ; 0    ; 0            ; |_Video_Card|_7WideBusMux:SevenWideBus4|_2to1mux:BusMux[4].mux1 ; _2to1mux                 ; work         ;
;       |_2to1mux:BusMux[5].mux1|            ; 1 (1)               ; 0 (0)                     ; 0           ; 0            ; 0       ; 0         ; 0    ; 0            ; |_Video_Card|_7WideBusMux:SevenWideBus4|_2to1mux:BusMux[5].mux1 ; _2to1mux                 ; work         ;
;       |_2to1mux:BusMux[6].mux1|            ; 1 (1)               ; 0 (0)                     ; 0           ; 0            ; 0       ; 0         ; 0    ; 0            ; |_Video_Card|_7WideBusMux:SevenWideBus4|_2to1mux:BusMux[6].mux1 ; _2to1mux                 ; work         ;
;    |_7WideBusMux:SevenWideBus5|            ; 7 (0)               ; 0 (0)                     ; 0           ; 0            ; 0       ; 0         ; 0    ; 0            ; |_Video_Card|_7WideBusMux:SevenWideBus5                         ; _7WideBusMux             ; work         ;
;       |_2to1mux:BusMux[0].mux1|            ; 1 (1)               ; 0 (0)                     ; 0           ; 0            ; 0       ; 0         ; 0    ; 0            ; |_Video_Card|_7WideBusMux:SevenWideBus5|_2to1mux:BusMux[0].mux1 ; _2to1mux                 ; work         ;
;       |_2to1mux:BusMux[1].mux1|            ; 1 (1)               ; 0 (0)                     ; 0           ; 0            ; 0       ; 0         ; 0    ; 0            ; |_Video_Card|_7WideBusMux:SevenWideBus5|_2to1mux:BusMux[1].mux1 ; _2to1mux                 ; work         ;
;       |_2to1mux:BusMux[2].mux1|            ; 1 (1)               ; 0 (0)                     ; 0           ; 0            ; 0       ; 0         ; 0    ; 0            ; |_Video_Card|_7WideBusMux:SevenWideBus5|_2to1mux:BusMux[2].mux1 ; _2to1mux                 ; work         ;
;       |_2to1mux:BusMux[3].mux1|            ; 1 (1)               ; 0 (0)                     ; 0           ; 0            ; 0       ; 0         ; 0    ; 0            ; |_Video_Card|_7WideBusMux:SevenWideBus5|_2to1mux:BusMux[3].mux1 ; _2to1mux                 ; work         ;
;       |_2to1mux:BusMux[4].mux1|            ; 1 (1)               ; 0 (0)                     ; 0           ; 0            ; 0       ; 0         ; 0    ; 0            ; |_Video_Card|_7WideBusMux:SevenWideBus5|_2to1mux:BusMux[4].mux1 ; _2to1mux                 ; work         ;
;       |_2to1mux:BusMux[5].mux1|            ; 1 (1)               ; 0 (0)                     ; 0           ; 0            ; 0       ; 0         ; 0    ; 0            ; |_Video_Card|_7WideBusMux:SevenWideBus5|_2to1mux:BusMux[5].mux1 ; _2to1mux                 ; work         ;
;       |_2to1mux:BusMux[6].mux1|            ; 1 (1)               ; 0 (0)                     ; 0           ; 0            ; 0       ; 0         ; 0    ; 0            ; |_Video_Card|_7WideBusMux:SevenWideBus5|_2to1mux:BusMux[6].mux1 ; _2to1mux                 ; work         ;
;    |_7WideBusMux:SevenWideBus6|            ; 7 (0)               ; 0 (0)                     ; 0           ; 0            ; 0       ; 0         ; 0    ; 0            ; |_Video_Card|_7WideBusMux:SevenWideBus6                         ; _7WideBusMux             ; work         ;
;       |_2to1mux:BusMux[0].mux1|            ; 1 (1)               ; 0 (0)                     ; 0           ; 0            ; 0       ; 0         ; 0    ; 0            ; |_Video_Card|_7WideBusMux:SevenWideBus6|_2to1mux:BusMux[0].mux1 ; _2to1mux                 ; work         ;
;       |_2to1mux:BusMux[1].mux1|            ; 1 (1)               ; 0 (0)                     ; 0           ; 0            ; 0       ; 0         ; 0    ; 0            ; |_Video_Card|_7WideBusMux:SevenWideBus6|_2to1mux:BusMux[1].mux1 ; _2to1mux                 ; work         ;
;       |_2to1mux:BusMux[2].mux1|            ; 1 (1)               ; 0 (0)                     ; 0           ; 0            ; 0       ; 0         ; 0    ; 0            ; |_Video_Card|_7WideBusMux:SevenWideBus6|_2to1mux:BusMux[2].mux1 ; _2to1mux                 ; work         ;
;       |_2to1mux:BusMux[3].mux1|            ; 1 (1)               ; 0 (0)                     ; 0           ; 0            ; 0       ; 0         ; 0    ; 0            ; |_Video_Card|_7WideBusMux:SevenWideBus6|_2to1mux:BusMux[3].mux1 ; _2to1mux                 ; work         ;
;       |_2to1mux:BusMux[4].mux1|            ; 1 (1)               ; 0 (0)                     ; 0           ; 0            ; 0       ; 0         ; 0    ; 0            ; |_Video_Card|_7WideBusMux:SevenWideBus6|_2to1mux:BusMux[4].mux1 ; _2to1mux                 ; work         ;
;       |_2to1mux:BusMux[5].mux1|            ; 1 (1)               ; 0 (0)                     ; 0           ; 0            ; 0       ; 0         ; 0    ; 0            ; |_Video_Card|_7WideBusMux:SevenWideBus6|_2to1mux:BusMux[5].mux1 ; _2to1mux                 ; work         ;
;       |_2to1mux:BusMux[6].mux1|            ; 1 (1)               ; 0 (0)                     ; 0           ; 0            ; 0       ; 0         ; 0    ; 0            ; |_Video_Card|_7WideBusMux:SevenWideBus6|_2to1mux:BusMux[6].mux1 ; _2to1mux                 ; work         ;
;    |_7WideBusMux:SevenWideBus7|            ; 7 (0)               ; 0 (0)                     ; 0           ; 0            ; 0       ; 0         ; 0    ; 0            ; |_Video_Card|_7WideBusMux:SevenWideBus7                         ; _7WideBusMux             ; work         ;
;       |_2to1mux:BusMux[0].mux1|            ; 1 (1)               ; 0 (0)                     ; 0           ; 0            ; 0       ; 0         ; 0    ; 0            ; |_Video_Card|_7WideBusMux:SevenWideBus7|_2to1mux:BusMux[0].mux1 ; _2to1mux                 ; work         ;
;       |_2to1mux:BusMux[1].mux1|            ; 1 (1)               ; 0 (0)                     ; 0           ; 0            ; 0       ; 0         ; 0    ; 0            ; |_Video_Card|_7WideBusMux:SevenWideBus7|_2to1mux:BusMux[1].mux1 ; _2to1mux                 ; work         ;
;       |_2to1mux:BusMux[2].mux1|            ; 1 (1)               ; 0 (0)                     ; 0           ; 0            ; 0       ; 0         ; 0    ; 0            ; |_Video_Card|_7WideBusMux:SevenWideBus7|_2to1mux:BusMux[2].mux1 ; _2to1mux                 ; work         ;
;       |_2to1mux:BusMux[3].mux1|            ; 1 (1)               ; 0 (0)                     ; 0           ; 0            ; 0       ; 0         ; 0    ; 0            ; |_Video_Card|_7WideBusMux:SevenWideBus7|_2to1mux:BusMux[3].mux1 ; _2to1mux                 ; work         ;
;       |_2to1mux:BusMux[4].mux1|            ; 1 (1)               ; 0 (0)                     ; 0           ; 0            ; 0       ; 0         ; 0    ; 0            ; |_Video_Card|_7WideBusMux:SevenWideBus7|_2to1mux:BusMux[4].mux1 ; _2to1mux                 ; work         ;
;       |_2to1mux:BusMux[5].mux1|            ; 1 (1)               ; 0 (0)                     ; 0           ; 0            ; 0       ; 0         ; 0    ; 0            ; |_Video_Card|_7WideBusMux:SevenWideBus7|_2to1mux:BusMux[5].mux1 ; _2to1mux                 ; work         ;
;       |_2to1mux:BusMux[6].mux1|            ; 1 (1)               ; 0 (0)                     ; 0           ; 0            ; 0       ; 0         ; 0    ; 0            ; |_Video_Card|_7WideBusMux:SevenWideBus7|_2to1mux:BusMux[6].mux1 ; _2to1mux                 ; work         ;
;    |seven_seg_decoder_BUSOUT:sevenBUSOUT0| ; 7 (7)               ; 0 (0)                     ; 0           ; 0            ; 0       ; 0         ; 0    ; 0            ; |_Video_Card|seven_seg_decoder_BUSOUT:sevenBUSOUT0              ; seven_seg_decoder_BUSOUT ; work         ;
;    |seven_seg_decoder_BUSOUT:sevenBUSOUT1| ; 7 (7)               ; 0 (0)                     ; 0           ; 0            ; 0       ; 0         ; 0    ; 0            ; |_Video_Card|seven_seg_decoder_BUSOUT:sevenBUSOUT1              ; seven_seg_decoder_BUSOUT ; work         ;
;    |seven_seg_decoder_BUSOUT:sevenBUSOUT2| ; 7 (7)               ; 0 (0)                     ; 0           ; 0            ; 0       ; 0         ; 0    ; 0            ; |_Video_Card|seven_seg_decoder_BUSOUT:sevenBUSOUT2              ; seven_seg_decoder_BUSOUT ; work         ;
;    |seven_seg_decoder_BUSOUT:sevenBUSOUT3| ; 7 (7)               ; 0 (0)                     ; 0           ; 0            ; 0       ; 0         ; 0    ; 0            ; |_Video_Card|seven_seg_decoder_BUSOUT:sevenBUSOUT3              ; seven_seg_decoder_BUSOUT ; work         ;
;    |seven_seg_decoder_BUSOUT:sevenBUSOUT4| ; 7 (7)               ; 0 (0)                     ; 0           ; 0            ; 0       ; 0         ; 0    ; 0            ; |_Video_Card|seven_seg_decoder_BUSOUT:sevenBUSOUT4              ; seven_seg_decoder_BUSOUT ; work         ;
;    |seven_seg_decoder_BUSOUT:sevenBUSOUT5| ; 7 (7)               ; 0 (0)                     ; 0           ; 0            ; 0       ; 0         ; 0    ; 0            ; |_Video_Card|seven_seg_decoder_BUSOUT:sevenBUSOUT5              ; seven_seg_decoder_BUSOUT ; work         ;
;    |seven_seg_decoder_BUSOUT:sevenBUSOUT6| ; 7 (7)               ; 0 (0)                     ; 0           ; 0            ; 0       ; 0         ; 0    ; 0            ; |_Video_Card|seven_seg_decoder_BUSOUT:sevenBUSOUT6              ; seven_seg_decoder_BUSOUT ; work         ;
;    |seven_seg_decoder_BUSOUT:sevenBUSOUT7| ; 7 (7)               ; 0 (0)                     ; 0           ; 0            ; 0       ; 0         ; 0    ; 0            ; |_Video_Card|seven_seg_decoder_BUSOUT:sevenBUSOUT7              ; seven_seg_decoder_BUSOUT ; work         ;
+--------------------------------------------+---------------------+---------------------------+-------------+--------------+---------+-----------+------+--------------+-----------------------------------------------------------------+--------------------------+--------------+
Note: For table entries with two numbers listed, the numbers in parentheses indicate the number of resources of the given type used by the specific entity alone. The numbers listed outside of parentheses indicate the total resources of the given type used by the specific entity and all of its sub-entities in the hierarchy.


+------------------------------------------------------+
; General Register Statistics                          ;
+----------------------------------------------+-------+
; Statistic                                    ; Value ;
+----------------------------------------------+-------+
; Total registers                              ; 0     ;
; Number of registers using Synchronous Clear  ; 0     ;
; Number of registers using Synchronous Load   ; 0     ;
; Number of registers using Asynchronous Clear ; 0     ;
; Number of registers using Asynchronous Load  ; 0     ;
; Number of registers using Clock Enable       ; 0     ;
; Number of registers using Preset             ; 0     ;
+----------------------------------------------+-------+


+-------------------------------------------------------------------+
; Parameter Settings for User Entity Instance: _4WideBusMux:BusMux0 ;
+----------------+-------+------------------------------------------+
; Parameter Name ; Value ; Type                                     ;
+----------------+-------+------------------------------------------+
; N              ; 4     ; Signed Integer                           ;
+----------------+-------+------------------------------------------+
Note: In order to hide this table in the UI and the text report file, please set the "Show Parameter Settings in Synthesis Report" option in "Analysis and Synthesis Settings -> More Settings" to "Off".


+-------------------------------------------------------------------------+
; Parameter Settings for User Entity Instance: _7WideBusMux:SevenWideBus0 ;
+----------------+-------+------------------------------------------------+
; Parameter Name ; Value ; Type                                           ;
+----------------+-------+------------------------------------------------+
; N              ; 7     ; Signed Integer                                 ;
+----------------+-------+------------------------------------------------+
Note: In order to hide this table in the UI and the text report file, please set the "Show Parameter Settings in Synthesis Report" option in "Analysis and Synthesis Settings -> More Settings" to "Off".


+-------------------------------------------------------------------+
; Parameter Settings for User Entity Instance: _4WideBusMux:BusMux1 ;
+----------------+-------+------------------------------------------+
; Parameter Name ; Value ; Type                                     ;
+----------------+-------+------------------------------------------+
; N              ; 4     ; Signed Integer                           ;
+----------------+-------+------------------------------------------+
Note: In order to hide this table in the UI and the text report file, please set the "Show Parameter Settings in Synthesis Report" option in "Analysis and Synthesis Settings -> More Settings" to "Off".


+-------------------------------------------------------------------------+
; Parameter Settings for User Entity Instance: _7WideBusMux:SevenWideBus1 ;
+----------------+-------+------------------------------------------------+
; Parameter Name ; Value ; Type                                           ;
+----------------+-------+------------------------------------------------+
; N              ; 7     ; Signed Integer                                 ;
+----------------+-------+------------------------------------------------+
Note: In order to hide this table in the UI and the text report file, please set the "Show Parameter Settings in Synthesis Report" option in "Analysis and Synthesis Settings -> More Settings" to "Off".


+-------------------------------------------------------------------+
; Parameter Settings for User Entity Instance: _4WideBusMux:BusMux2 ;
+----------------+-------+------------------------------------------+
; Parameter Name ; Value ; Type                                     ;
+----------------+-------+------------------------------------------+
; N              ; 4     ; Signed Integer                           ;
+----------------+-------+------------------------------------------+
Note: In order to hide this table in the UI and the text report file, please set the "Show Parameter Settings in Synthesis Report" option in "Analysis and Synthesis Settings -> More Settings" to "Off".


+-------------------------------------------------------------------------+
; Parameter Settings for User Entity Instance: _7WideBusMux:SevenWideBus2 ;
+----------------+-------+------------------------------------------------+
; Parameter Name ; Value ; Type                                           ;
+----------------+-------+------------------------------------------------+
; N              ; 7     ; Signed Integer                                 ;
+----------------+-------+------------------------------------------------+
Note: In order to hide this table in the UI and the text report file, please set the "Show Parameter Settings in Synthesis Report" option in "Analysis and Synthesis Settings -> More Settings" to "Off".


+-------------------------------------------------------------------+
; Parameter Settings for User Entity Instance: _4WideBusMux:BusMux3 ;
+----------------+-------+------------------------------------------+
; Parameter Name ; Value ; Type                                     ;
+----------------+-------+------------------------------------------+
; N              ; 4     ; Signed Integer                           ;
+----------------+-------+------------------------------------------+
Note: In order to hide this table in the UI and the text report file, please set the "Show Parameter Settings in Synthesis Report" option in "Analysis and Synthesis Settings -> More Settings" to "Off".


+-------------------------------------------------------------------------+
; Parameter Settings for User Entity Instance: _7WideBusMux:SevenWideBus3 ;
+----------------+-------+------------------------------------------------+
; Parameter Name ; Value ; Type                                           ;
+----------------+-------+------------------------------------------------+
; N              ; 7     ; Signed Integer                                 ;
+----------------+-------+------------------------------------------------+
Note: In order to hide this table in the UI and the text report file, please set the "Show Parameter Settings in Synthesis Report" option in "Analysis and Synthesis Settings -> More Settings" to "Off".


+-------------------------------------------------------------------------+
; Parameter Settings for User Entity Instance: _7WideBusMux:SevenWideBus4 ;
+----------------+-------+------------------------------------------------+
; Parameter Name ; Value ; Type                                           ;
+----------------+-------+------------------------------------------------+
; N              ; 7     ; Signed Integer                                 ;
+----------------+-------+------------------------------------------------+
Note: In order to hide this table in the UI and the text report file, please set the "Show Parameter Settings in Synthesis Report" option in "Analysis and Synthesis Settings -> More Settings" to "Off".


+-------------------------------------------------------------------------+
; Parameter Settings for User Entity Instance: _7WideBusMux:SevenWideBus5 ;
+----------------+-------+------------------------------------------------+
; Parameter Name ; Value ; Type                                           ;
+----------------+-------+------------------------------------------------+
; N              ; 7     ; Signed Integer                                 ;
+----------------+-------+------------------------------------------------+
Note: In order to hide this table in the UI and the text report file, please set the "Show Parameter Settings in Synthesis Report" option in "Analysis and Synthesis Settings -> More Settings" to "Off".


+-------------------------------------------------------------------------+
; Parameter Settings for User Entity Instance: _7WideBusMux:SevenWideBus6 ;
+----------------+-------+------------------------------------------------+
; Parameter Name ; Value ; Type                                           ;
+----------------+-------+------------------------------------------------+
; N              ; 7     ; Signed Integer                                 ;
+----------------+-------+------------------------------------------------+
Note: In order to hide this table in the UI and the text report file, please set the "Show Parameter Settings in Synthesis Report" option in "Analysis and Synthesis Settings -> More Settings" to "Off".


+-------------------------------------------------------------------------+
; Parameter Settings for User Entity Instance: _7WideBusMux:SevenWideBus7 ;
+----------------+-------+------------------------------------------------+
; Parameter Name ; Value ; Type                                           ;
+----------------+-------+------------------------------------------------+
; N              ; 7     ; Signed Integer                                 ;
+----------------+-------+------------------------------------------------+
Note: In order to hide this table in the UI and the text report file, please set the "Show Parameter Settings in Synthesis Report" option in "Analysis and Synthesis Settings -> More Settings" to "Off".


+-----------------------------------------------------+
; Post-Synthesis Netlist Statistics for Top Partition ;
+-----------------------+-----------------------------+
; Type                  ; Count                       ;
+-----------------------+-----------------------------+
; boundary_port         ; 154                         ;
; cycloneiii_lcell_comb ; 136                         ;
;     normal            ; 136                         ;
;         1 data inputs ; 8                           ;
;         3 data inputs ; 72                          ;
;         4 data inputs ; 56                          ;
;                       ;                             ;
; Max LUT depth         ; 4.00                        ;
; Average LUT depth     ; 2.87                        ;
+-----------------------+-----------------------------+


+-------------------------------+
; Elapsed Time Per Partition    ;
+----------------+--------------+
; Partition Name ; Elapsed Time ;
+----------------+--------------+
; Top            ; 00:00:00     ;
+----------------+--------------+


+-------------------------------+
; Analysis & Synthesis Messages ;
+-------------------------------+
Info: *******************************************************************
Info: Running Quartus Prime Analysis & Synthesis
    Info: Version 20.1.0 Build 711 06/05/2020 SJ Lite Edition
    Info: Processing started: Mon Feb 15 20:17:50 2021
Info: Command: quartus_map --read_settings_files=on --write_settings_files=off i281 -c i281
Warning (18236): Number of processors has not been specified which may cause overloading on shared machines.  Set the global assignment NUM_PARALLEL_PROCESSORS in your QSF to an appropriate value for best performance.
Info (20030): Parallel compilation is enabled and will use 16 of the 24 processors detected
Warning (12019): Can't analyze file -- file 2-to-1-mux.v is missing
Warning (12019): Can't analyze file -- file 2to1mux.v is missing
Info (12021): Found 1 design units, including 1 entities, in source file _2to1mux.v
    Info (12023): Found entity 1: _2to1mux File: D:/school_stuff/sdmay21-38/VerilogConversion/i281Verilog/_2to1mux.v Line: 1
Info (12021): Found 1 design units, including 1 entities, in source file _programcounter.v
    Info (12023): Found entity 1: _programCounter File: D:/school_stuff/sdmay21-38/VerilogConversion/i281Verilog/_programCounter.v Line: 1
Warning (12019): Can't analyze file -- file ProgramCounter_Stoyt.v is missing
Warning (12019): Can't analyze file -- file _programCounterMultiplexer.v is missing
Info (12021): Found 1 design units, including 1 entities, in source file _6widebusmux.v
    Info (12023): Found entity 1: _6WideBusMux File: D:/school_stuff/sdmay21-38/VerilogConversion/i281Verilog/_6WideBusMux.v Line: 1
Info (12021): Found 1 design units, including 1 entities, in source file _control_fsm.v
    Info (12023): Found entity 1: _Control_FSM File: D:/school_stuff/sdmay21-38/VerilogConversion/i281Verilog/_Control_FSM.v Line: 1
Info (12021): Found 1 design units, including 1 entities, in source file _1to2decoderwithenable.v
    Info (12023): Found entity 1: _1to2DecoderWithEnable File: D:/school_stuff/sdmay21-38/VerilogConversion/i281Verilog/_1to2DecoderWithEnable.v Line: 1
Info (12021): Found 1 design units, including 1 entities, in source file _2to4decoderwithenable.v
    Info (12023): Found entity 1: _2to4DecoderWithEnable File: D:/school_stuff/sdmay21-38/VerilogConversion/i281Verilog/_2to4DecoderWithEnable.v Line: 1
Info (12021): Found 1 design units, including 1 entities, in source file _3to8decoderwithenable.v
    Info (12023): Found entity 1: _3to8DecoderWithEnable File: D:/school_stuff/sdmay21-38/VerilogConversion/i281Verilog/_3to8DecoderWithEnable.v Line: 1
Info (12021): Found 1 design units, including 1 entities, in source file _4to16decoderwithenable.v
    Info (12023): Found entity 1: _4to16DecoderWithEnable File: D:/school_stuff/sdmay21-38/VerilogConversion/i281Verilog/_4to16DecoderWithEnable.v Line: 1
Info (12021): Found 1 design units, including 1 entities, in source file _opcode_decoder.v
    Info (12023): Found entity 1: _Opcode_Decoder File: D:/school_stuff/sdmay21-38/VerilogConversion/i281Verilog/_Opcode_Decoder.v Line: 1
Warning (12019): Can't analyze file -- file _OpcodeDecoder_TB.v is missing
Info (12021): Found 1 design units, including 1 entities, in source file i281.bdf
    Info (12023): Found entity 1: i281
Info (12021): Found 1 design units, including 1 entities, in source file _fulladder.v
    Info (12023): Found entity 1: _FullAdder File: D:/school_stuff/sdmay21-38/VerilogConversion/i281Verilog/_FullAdder.v Line: 1
Info (12021): Found 1 design units, including 1 entities, in source file _6bitadder.v
    Info (12023): Found entity 1: _6BitAdder File: D:/school_stuff/sdmay21-38/VerilogConversion/i281Verilog/_6BitAdder.v Line: 1
Info (12021): Found 1 design units, including 1 entities, in source file _sixteenwidebusmux.v
    Info (12023): Found entity 1: _SixteenWideBusMux File: D:/school_stuff/sdmay21-38/VerilogConversion/i281Verilog/_SixteenWideBusMux.v Line: 1
Info (12021): Found 1 design units, including 1 entities, in source file _registers16bit.v
    Info (12023): Found entity 1: _Registers16bit File: D:/school_stuff/sdmay21-38/VerilogConversion/i281Verilog/_Registers16bit.v Line: 1
Info (12021): Found 1 design units, including 1 entities, in source file _c16to1busmux.v
    Info (12023): Found entity 1: _C16to1BusMux File: D:/school_stuff/sdmay21-38/VerilogConversion/i281Verilog/_C16to1BusMux.v Line: 1
Info (12021): Found 1 design units, including 1 entities, in source file _readonly_16x16_register_file_low.v
    Info (12023): Found entity 1: _ReadOnly_16x16_Register_File_Low File: D:/school_stuff/sdmay21-38/VerilogConversion/i281Verilog/_ReadOnly_16x16_Register_File_Low.v Line: 1
Info (12021): Found 1 design units, including 1 entities, in source file _imem_high.v
    Info (12023): Found entity 1: _IMEM_high File: D:/school_stuff/sdmay21-38/VerilogConversion/i281Verilog/_IMEM_high.v Line: 1
Info (12021): Found 1 design units, including 1 entities, in source file _imem_low.v
    Info (12023): Found entity 1: _IMEM_low File: D:/school_stuff/sdmay21-38/VerilogConversion/i281Verilog/_IMEM_low.v Line: 1
Info (12021): Found 1 design units, including 1 entities, in source file _16wide4to1busmux.v
    Info (12023): Found entity 1: _16Wide4To1BusMux File: D:/school_stuff/sdmay21-38/VerilogConversion/i281Verilog/_16Wide4To1BusMux.v Line: 1
Info (12021): Found 1 design units, including 1 entities, in source file _imem.v
    Info (12023): Found entity 1: _IMEM File: D:/school_stuff/sdmay21-38/VerilogConversion/i281Verilog/_IMEM.v Line: 1
Info (12021): Found 1 design units, including 1 entities, in source file _registers8bit.v
    Info (12023): Found entity 1: _Registers8bit File: D:/school_stuff/sdmay21-38/VerilogConversion/i281Verilog/_Registers8bit.v Line: 1
Info (12021): Found 1 design units, including 1 entities, in source file _4x8bitregisters.v
    Info (12023): Found entity 1: _4x8BitRegisters File: D:/school_stuff/sdmay21-38/VerilogConversion/i281Verilog/_4x8BitRegisters.v Line: 1
Info (12021): Found 1 design units, including 1 entities, in source file _clock_divider_512.v
    Info (12023): Found entity 1: _Clock_divider_512 File: D:/school_stuff/sdmay21-38/VerilogConversion/i281Verilog/_Clock_divider_512.v Line: 1
Info (12021): Found 1 design units, including 1 entities, in source file _7widebusmux.v
    Info (12023): Found entity 1: _7WideBusMux File: D:/school_stuff/sdmay21-38/VerilogConversion/i281Verilog/_7WideBusMux.v Line: 1
Info (12021): Found 1 design units, including 1 entities, in source file _video_card.v
    Info (12023): Found entity 1: _Video_Card File: D:/school_stuff/sdmay21-38/VerilogConversion/i281Verilog/_Video_Card.v Line: 1
Warning (10236): Verilog HDL Implicit Net warning at _programCounter.v(13): created implicit net for "vcc_signal" File: D:/school_stuff/sdmay21-38/VerilogConversion/i281Verilog/_programCounter.v Line: 13
Warning (10236): Verilog HDL Implicit Net warning at _Registers16bit.v(11): created implicit net for "vcc_signal" File: D:/school_stuff/sdmay21-38/VerilogConversion/i281Verilog/_Registers16bit.v Line: 11
Warning (10236): Verilog HDL Implicit Net warning at _IMEM.v(9): created implicit net for "_GND" File: D:/school_stuff/sdmay21-38/VerilogConversion/i281Verilog/_IMEM.v Line: 9
Warning (10236): Verilog HDL Implicit Net warning at _IMEM.v(14): created implicit net for "RO_WE_LOW" File: D:/school_stuff/sdmay21-38/VerilogConversion/i281Verilog/_IMEM.v Line: 14
Warning (10236): Verilog HDL Implicit Net warning at _IMEM.v(15): created implicit net for "RO_WE_HIGH" File: D:/school_stuff/sdmay21-38/VerilogConversion/i281Verilog/_IMEM.v Line: 15
Warning (10236): Verilog HDL Implicit Net warning at _Registers8bit.v(11): created implicit net for "vcc_signal" File: D:/school_stuff/sdmay21-38/VerilogConversion/i281Verilog/_Registers8bit.v Line: 11
Info (12127): Elaborating entity "_Video_Card" for the top level hierarchy
Warning (12125): Using design file _4widebusmux.v, which is not specified as a design file for the current project, but contains definitions for 1 design units and 1 entities in project
    Info (12023): Found entity 1: _4WideBusMux File: D:/school_stuff/sdmay21-38/VerilogConversion/i281Verilog/_4widebusmux.v Line: 1
Info (12128): Elaborating entity "_4WideBusMux" for hierarchy "_4WideBusMux:BusMux0" File: D:/school_stuff/sdmay21-38/VerilogConversion/i281Verilog/_Video_Card.v Line: 44
Info (12128): Elaborating entity "_2to1mux" for hierarchy "_4WideBusMux:BusMux0|_2to1mux:mux[0].mux" File: D:/school_stuff/sdmay21-38/VerilogConversion/i281Verilog/_4widebusmux.v Line: 12
Warning (12125): Using design file seven_seg_decoder_busout.v, which is not specified as a design file for the current project, but contains definitions for 1 design units and 1 entities in project
    Info (12023): Found entity 1: seven_seg_decoder_BUSOUT File: D:/school_stuff/sdmay21-38/VerilogConversion/i281Verilog/seven_seg_decoder_busout.v Line: 1
Info (12128): Elaborating entity "seven_seg_decoder_BUSOUT" for hierarchy "seven_seg_decoder_BUSOUT:sevenBUSOUT0" File: D:/school_stuff/sdmay21-38/VerilogConversion/i281Verilog/_Video_Card.v Line: 45
Info (12128): Elaborating entity "_7WideBusMux" for hierarchy "_7WideBusMux:SevenWideBus0" File: D:/school_stuff/sdmay21-38/VerilogConversion/i281Verilog/_Video_Card.v Line: 46
Info (286030): Timing-Driven Synthesis is running
Info (16010): Generating hard_block partition "hard_block:auto_generated_inst"
    Info (16011): Adding 0 node(s), including 0 DDIO, 0 PLL, 0 transceiver and 0 LCELL
Warning (21074): Design contains 24 input pin(s) that do not drive logic
    Warning (15610): No output dependent on input pin "Video_Input0[7]" File: D:/school_stuff/sdmay21-38/VerilogConversion/i281Verilog/_Video_Card.v Line: 4
    Warning (15610): No output dependent on input pin "Video_Input1[7]" File: D:/school_stuff/sdmay21-38/VerilogConversion/i281Verilog/_Video_Card.v Line: 5
    Warning (15610): No output dependent on input pin "Video_Input2[7]" File: D:/school_stuff/sdmay21-38/VerilogConversion/i281Verilog/_Video_Card.v Line: 6
    Warning (15610): No output dependent on input pin "Video_Input3[7]" File: D:/school_stuff/sdmay21-38/VerilogConversion/i281Verilog/_Video_Card.v Line: 7
    Warning (15610): No output dependent on input pin "Video_Input4[7]" File: D:/school_stuff/sdmay21-38/VerilogConversion/i281Verilog/_Video_Card.v Line: 8
    Warning (15610): No output dependent on input pin "Video_Input5[7]" File: D:/school_stuff/sdmay21-38/VerilogConversion/i281Verilog/_Video_Card.v Line: 9
    Warning (15610): No output dependent on input pin "Video_Input6[7]" File: D:/school_stuff/sdmay21-38/VerilogConversion/i281Verilog/_Video_Card.v Line: 10
    Warning (15610): No output dependent on input pin "Video_Input7[7]" File: D:/school_stuff/sdmay21-38/VerilogConversion/i281Verilog/_Video_Card.v Line: 11
    Warning (15610): No output dependent on input pin "REG_IN_A[4]" File: D:/school_stuff/sdmay21-38/VerilogConversion/i281Verilog/_Video_Card.v Line: 13
    Warning (15610): No output dependent on input pin "REG_IN_A[5]" File: D:/school_stuff/sdmay21-38/VerilogConversion/i281Verilog/_Video_Card.v Line: 13
    Warning (15610): No output dependent on input pin "REG_IN_A[6]" File: D:/school_stuff/sdmay21-38/VerilogConversion/i281Verilog/_Video_Card.v Line: 13
    Warning (15610): No output dependent on input pin "REG_IN_A[7]" File: D:/school_stuff/sdmay21-38/VerilogConversion/i281Verilog/_Video_Card.v Line: 13
    Warning (15610): No output dependent on input pin "REG_IN_B[4]" File: D:/school_stuff/sdmay21-38/VerilogConversion/i281Verilog/_Video_Card.v Line: 14
    Warning (15610): No output dependent on input pin "REG_IN_B[5]" File: D:/school_stuff/sdmay21-38/VerilogConversion/i281Verilog/_Video_Card.v Line: 14
    Warning (15610): No output dependent on input pin "REG_IN_B[6]" File: D:/school_stuff/sdmay21-38/VerilogConversion/i281Verilog/_Video_Card.v Line: 14
    Warning (15610): No output dependent on input pin "REG_IN_B[7]" File: D:/school_stuff/sdmay21-38/VerilogConversion/i281Verilog/_Video_Card.v Line: 14
    Warning (15610): No output dependent on input pin "REG_IN_C[4]" File: D:/school_stuff/sdmay21-38/VerilogConversion/i281Verilog/_Video_Card.v Line: 15
    Warning (15610): No output dependent on input pin "REG_IN_C[5]" File: D:/school_stuff/sdmay21-38/VerilogConversion/i281Verilog/_Video_Card.v Line: 15
    Warning (15610): No output dependent on input pin "REG_IN_C[6]" File: D:/school_stuff/sdmay21-38/VerilogConversion/i281Verilog/_Video_Card.v Line: 15
    Warning (15610): No output dependent on input pin "REG_IN_C[7]" File: D:/school_stuff/sdmay21-38/VerilogConversion/i281Verilog/_Video_Card.v Line: 15
    Warning (15610): No output dependent on input pin "REG_IN_D[4]" File: D:/school_stuff/sdmay21-38/VerilogConversion/i281Verilog/_Video_Card.v Line: 16
    Warning (15610): No output dependent on input pin "REG_IN_D[5]" File: D:/school_stuff/sdmay21-38/VerilogConversion/i281Verilog/_Video_Card.v Line: 16
    Warning (15610): No output dependent on input pin "REG_IN_D[6]" File: D:/school_stuff/sdmay21-38/VerilogConversion/i281Verilog/_Video_Card.v Line: 16
    Warning (15610): No output dependent on input pin "REG_IN_D[7]" File: D:/school_stuff/sdmay21-38/VerilogConversion/i281Verilog/_Video_Card.v Line: 16
Info (21057): Implemented 282 device resources after synthesis - the final resource count might be different
    Info (21058): Implemented 98 input pins
    Info (21059): Implemented 56 output pins
    Info (21061): Implemented 128 logic cells
Info: Quartus Prime Analysis & Synthesis was successful. 0 errors, 39 warnings
    Info: Peak virtual memory: 4767 megabytes
    Info: Processing ended: Mon Feb 15 20:17:57 2021
    Info: Elapsed time: 00:00:07
    Info: Total CPU time (on all processors): 00:00:16


